TN:
SF:/home/runner/work/cFS/cFS/apps/sample_app/fsw/src/sample_app.c
FN:110,199,SAMPLE_APP_Init
FN:45,103,SAMPLE_APP_Main
FNDA:0,SAMPLE_APP_Init
FNDA:0,SAMPLE_APP_Main
FNF:2
FNH:0
DA:45,0
DA:53,0
DA:60,0
DA:61,0
DA:63,0
DA:69,0
DA:74,0
DA:77,0
DA:82,0
DA:84,0
DA:86,0
DA:90,0
DA:93,0
DA:100,0
DA:102,0
DA:103,0
DA:110,0
DA:116,0
DA:118,0
DA:123,0
DA:124,0
DA:126,0
DA:133,0
DA:139,0
DA:141,0
DA:143,0
DA:148,0
DA:153,0
DA:154,0
DA:156,0
DA:161,0
DA:166,0
DA:167,0
DA:169,0
DA:174,0
DA:179,0
DA:181,0
DA:183,0
DA:188,0
DA:191,0
DA:194,0
DA:198,0
LF:42
LH:0
end_of_record
TN:
SF:/home/runner/work/cFS/cFS/apps/sample_app/fsw/src/sample_app_cmds.c
FN:112,146,SAMPLE_APP_ProcessCmd
FN:153,161,SAMPLE_APP_DisplayParamCmd
FN:47,72,SAMPLE_APP_SendHkCmd
FN:79,87,SAMPLE_APP_NoopCmd
FN:96,104,SAMPLE_APP_ResetCountersCmd
FNDA:0,SAMPLE_APP_ProcessCmd
FNDA:0,SAMPLE_APP_DisplayParamCmd
FNDA:0,SAMPLE_APP_SendHkCmd
FNDA:0,SAMPLE_APP_NoopCmd
FNDA:0,SAMPLE_APP_ResetCountersCmd
FNF:5
FNH:0
DA:47,0
DA:54,0
DA:55,0
DA:60,0
DA:61,0
DA:66,0
DA:68,0
DA:71,0
DA:79,0
DA:81,0
DA:83,0
DA:86,0
DA:96,0
DA:98,0
DA:99,0
DA:101,0
DA:103,0
DA:112,0
DA:117,0
DA:120,0
DA:121,0
DA:122,0
DA:124,0
DA:128,0
DA:129,0
DA:131,0
DA:133,0
DA:134,0
DA:136,0
DA:141,0
DA:145,0
DA:153,0
DA:155,0
DA:156,0
DA:157,0
DA:158,0
DA:160,0
LF:37
LH:0
end_of_record
TN:
SF:/home/runner/work/cFS/cFS/apps/sample_app/fsw/src/sample_app_dispatch.c
FN:128,161,SAMPLE_APP_TaskPipe
FN:39,67,SAMPLE_APP_VerifyCmdLength
FN:74,119,SAMPLE_APP_ProcessGroundCommand
FNDA:0,SAMPLE_APP_TaskPipe
FNDA:0,SAMPLE_APP_VerifyCmdLength
FNDA:0,SAMPLE_APP_ProcessGroundCommand
FNF:3
FNH:0
DA:39,0
DA:41,0
DA:42,0
DA:43,0
DA:44,0
DA:46,0
DA:51,0
DA:53,0
DA:54,0
DA:56,0
DA:58,0
DA:61,0
DA:63,0
DA:66,0
DA:74,0
DA:76,0
DA:78,0
DA:83,0
DA:85,0
DA:86,0
DA:88,0
DA:90,0
DA:92,0
DA:93,0
DA:95,0
DA:97,0
DA:99,0
DA:100,0
DA:102,0
DA:104,0
DA:106,0
DA:107,0
DA:109,0
DA:111,0
DA:114,0
DA:115,0
DA:117,0
DA:119,0
DA:128,0
DA:133,0
DA:136,0
DA:138,0
DA:139,0
DA:142,0
DA:145,0
DA:148,0
DA:150,0
DA:153,0
DA:158,0
DA:159,0
DA:161,0
LF:51
LH:0
end_of_record
TN:
SF:/home/runner/work/cFS/cFS/apps/sample_app/fsw/src/sample_app_utils.c
FN:37,52,SAMPLE_APP_TblValidationFunc
FN:59,75,SAMPLE_APP_GetCrc
FNDA:0,SAMPLE_APP_TblValidationFunc
FNDA:0,SAMPLE_APP_GetCrc
FNF:2
FNH:0
DA:37,0
DA:39,0
DA:40,0
DA:45,0
DA:48,0
DA:51,0
DA:59,0
DA:65,0
DA:66,0
DA:68,0
DA:72,0
DA:73,0
DA:75,0
LF:13
LH:0
end_of_record
TN:
SF:/home/runner/work/cFS/cFS/cfe/modules/core_api/fsw/inc/cfe_sb.h
FN:791,794,CFE_SB_MsgId_Equal
FN:822,825,CFE_SB_MsgIdToValue
FN:851,855,CFE_SB_ValueToMsgId
FNDA:0,CFE_SB_MsgId_Equal
FNDA:0,CFE_SB_MsgIdToValue
FNDA:0,CFE_SB_ValueToMsgId
FNF:3
FNH:0
DA:791,0
DA:793,0
DA:822,0
DA:824,0
DA:851,0
DA:853,0
DA:854,0
LF:7
LH:0
end_of_record
