TN:
SF:/home/runner/work/cFS/cFS/apps/sample_app/fsw/src/sample_app.c
FN:110,199,SAMPLE_APP_Init
FN:45,103,SAMPLE_APP_Main
FNDA:10,SAMPLE_APP_Init
FNDA:4,SAMPLE_APP_Main
FNF:2
FNH:2
BRDA:61,0,0,1
BRDA:61,0,1,3
BRDA:69,0,0,2
BRDA:69,0,1,4
BRDA:84,0,0,1
BRDA:84,0,1,1
BRDA:124,0,0,2
BRDA:124,0,1,8
BRDA:141,0,0,1
BRDA:141,0,1,7
BRDA:148,0,0,7
BRDA:148,0,1,3
BRDA:154,0,0,1
BRDA:154,0,1,6
BRDA:161,0,0,6
BRDA:161,0,1,4
BRDA:167,0,0,1
BRDA:167,0,1,5
BRDA:174,0,0,5
BRDA:174,0,1,5
BRDA:181,0,0,1
BRDA:181,0,1,4
BRF:22
BRH:22
DA:45,4
DA:53,4
DA:60,4
DA:61,4
DA:63,1
DA:69,6
DA:74,2
DA:77,2
DA:82,2
DA:84,2
DA:86,1
DA:90,1
DA:93,1
DA:100,4
DA:102,4
DA:103,4
DA:110,10
DA:116,10
DA:118,10
DA:123,10
DA:124,10
DA:126,2
DA:133,8
DA:139,8
DA:141,8
DA:143,1
DA:148,10
DA:153,7
DA:154,7
DA:156,1
DA:161,10
DA:166,6
DA:167,6
DA:169,1
DA:174,10
DA:179,5
DA:181,5
DA:183,1
DA:188,4
DA:191,5
DA:194,5
DA:198,10
LF:42
LH:42
end_of_record
TN:
SF:/home/runner/work/cFS/cFS/apps/sample_app/fsw/src/sample_app_cmds.c
FN:112,146,SAMPLE_APP_ProcessCmd
FN:153,161,SAMPLE_APP_DisplayParamCmd
FN:47,72,SAMPLE_APP_SendHkCmd
FN:79,87,SAMPLE_APP_NoopCmd
FN:96,104,SAMPLE_APP_ResetCountersCmd
FNDA:3,SAMPLE_APP_ProcessCmd
FNDA:1,SAMPLE_APP_DisplayParamCmd
FNDA:1,SAMPLE_APP_SendHkCmd
FNDA:1,SAMPLE_APP_NoopCmd
FNDA:1,SAMPLE_APP_ResetCountersCmd
FNF:5
FNH:5
BRDA:66,0,0,1
BRDA:66,0,1,1
BRDA:122,0,0,1
BRDA:122,0,1,2
BRDA:134,0,0,1
BRDA:134,0,1,1
BRF:6
BRH:6
DA:47,1
DA:54,1
DA:55,1
DA:60,1
DA:61,1
DA:66,2
DA:68,1
DA:71,1
DA:79,1
DA:81,1
DA:83,1
DA:86,1
DA:96,1
DA:98,1
DA:99,1
DA:101,1
DA:103,1
DA:112,3
DA:117,3
DA:120,3
DA:121,3
DA:122,3
DA:124,1
DA:128,2
DA:129,2
DA:131,2
DA:133,2
DA:134,2
DA:136,1
DA:141,1
DA:145,3
DA:153,1
DA:155,1
DA:156,1
DA:157,1
DA:158,1
DA:160,1
LF:37
LH:37
end_of_record
TN:
SF:/home/runner/work/cFS/cFS/apps/sample_app/fsw/src/sample_app_dispatch.c
FN:128,161,SAMPLE_APP_TaskPipe
FN:39,67,SAMPLE_APP_VerifyCmdLength
FN:74,119,SAMPLE_APP_ProcessGroundCommand
FNDA:3,SAMPLE_APP_TaskPipe
FNDA:11,SAMPLE_APP_VerifyCmdLength
FNDA:10,SAMPLE_APP_ProcessGroundCommand
FNF:3
FNH:3
BRDA:51,0,0,5
BRDA:51,0,1,6
BRDA:83,0,0,3
BRDA:83,0,1,2
BRDA:83,0,2,2
BRDA:83,0,3,2
BRDA:83,0,4,1
BRDA:86,0,0,2
BRDA:86,0,1,1
BRDA:93,0,0,1
BRDA:93,0,1,1
BRDA:100,0,0,1
BRDA:100,0,1,1
BRDA:107,0,0,1
BRDA:107,0,1,1
BRDA:136,0,0,1
BRDA:136,0,1,2
BRDA:145,0,0,1
BRDA:145,0,1,2
BRDA:150,0,0,1
BRDA:150,0,1,1
BRF:21
BRH:21
DA:39,11
DA:41,11
DA:42,11
DA:43,11
DA:44,11
DA:46,11
DA:51,11
DA:53,5
DA:54,5
DA:56,5
DA:58,5
DA:61,5
DA:63,5
DA:66,11
DA:74,10
DA:76,10
DA:78,10
DA:83,10
DA:85,3
DA:86,3
DA:88,2
DA:90,3
DA:92,2
DA:93,2
DA:95,1
DA:97,2
DA:99,2
DA:100,2
DA:102,1
DA:104,2
DA:106,2
DA:107,2
DA:109,1
DA:111,2
DA:114,1
DA:115,1
DA:117,1
DA:119,10
DA:128,3
DA:133,3
DA:136,3
DA:138,1
DA:139,1
DA:142,3
DA:145,3
DA:148,1
DA:150,2
DA:153,1
DA:158,1
DA:159,1
DA:161,3
LF:51
LH:51
end_of_record
TN:
SF:/home/runner/work/cFS/cFS/apps/sample_app/fsw/src/sample_app_utils.c
FN:37,52,SAMPLE_APP_TblValidationFunc
FN:59,75,SAMPLE_APP_GetCrc
FNDA:2,SAMPLE_APP_TblValidationFunc
FNDA:2,SAMPLE_APP_GetCrc
FNF:2
FNH:2
BRDA:45,0,0,1
BRDA:45,0,1,1
BRDA:66,0,0,1
BRDA:66,0,1,1
BRF:4
BRH:4
DA:37,2
DA:39,2
DA:40,2
DA:45,2
DA:48,1
DA:51,2
DA:59,2
DA:65,2
DA:66,2
DA:68,1
DA:72,1
DA:73,1
DA:75,2
LF:13
LH:13
end_of_record
TN:
SF:/home/runner/work/cFS/cFS/cfe/modules/core_api/fsw/inc/cfe_sb.h
FN:791,794,CFE_SB_MsgId_Equal
FN:822,825,CFE_SB_MsgIdToValue
FN:851,855,CFE_SB_ValueToMsgId
FNDA:5,CFE_SB_MsgId_Equal
FNDA:6,CFE_SB_MsgIdToValue
FNDA:23,CFE_SB_ValueToMsgId
FNF:3
FNH:3
DA:791,5
DA:793,5
DA:822,6
DA:824,6
DA:851,23
DA:853,23
DA:854,23
LF:7
LH:7
end_of_record
