TN:
SF:/home/runner/work/cFS/cFS/apps/sample_app/fsw/src/sample_app.c
FN:110,199,SAMPLE_APP_Init
FN:45,103,SAMPLE_APP_Main
FNDA:43,SAMPLE_APP_Init
FNDA:16,SAMPLE_APP_Main
FNF:2
FNH:2
BRDA:61,0,0,4
BRDA:61,0,1,12
BRDA:69,0,0,8
BRDA:69,0,1,16
BRDA:84,0,0,4
BRDA:84,0,1,4
BRDA:124,0,0,8
BRDA:124,0,1,35
BRDA:141,0,0,4
BRDA:141,0,1,31
BRDA:148,0,0,31
BRDA:148,0,1,12
BRDA:154,0,0,4
BRDA:154,0,1,27
BRDA:161,0,0,27
BRDA:161,0,1,16
BRDA:167,0,0,4
BRDA:167,0,1,23
BRDA:174,0,0,23
BRDA:174,0,1,20
BRDA:181,0,0,4
BRDA:181,0,1,19
BRF:22
BRH:22
DA:45,16
DA:53,16
DA:60,16
DA:61,16
DA:63,4
DA:69,24
DA:74,8
DA:77,8
DA:82,8
DA:84,8
DA:86,4
DA:90,4
DA:93,4
DA:100,16
DA:102,16
DA:103,16
DA:110,43
DA:116,43
DA:118,43
DA:123,43
DA:124,43
DA:126,8
DA:133,35
DA:139,35
DA:141,35
DA:143,4
DA:148,43
DA:153,31
DA:154,31
DA:156,4
DA:161,43
DA:166,27
DA:167,27
DA:169,4
DA:174,43
DA:179,23
DA:181,23
DA:183,4
DA:188,19
DA:191,23
DA:194,23
DA:198,43
LF:42
LH:42
end_of_record
TN:
SF:/home/runner/work/cFS/cFS/apps/sample_app/fsw/src/sample_app_cmds.c
FN:112,146,SAMPLE_APP_ProcessCmd
FN:153,161,SAMPLE_APP_DisplayParamCmd
FN:47,72,SAMPLE_APP_SendHkCmd
FN:79,87,SAMPLE_APP_NoopCmd
FN:96,104,SAMPLE_APP_ResetCountersCmd
FNDA:9,SAMPLE_APP_ProcessCmd
FNDA:3,SAMPLE_APP_DisplayParamCmd
FNDA:5,SAMPLE_APP_SendHkCmd
FNDA:3,SAMPLE_APP_NoopCmd
FNDA:3,SAMPLE_APP_ResetCountersCmd
FNF:5
FNH:5
BRDA:66,0,0,5
BRDA:66,0,1,5
BRDA:122,0,0,3
BRDA:122,0,1,6
BRDA:134,0,0,3
BRDA:134,0,1,3
BRF:6
BRH:6
DA:47,5
DA:54,5
DA:55,5
DA:60,5
DA:61,5
DA:66,10
DA:68,5
DA:71,5
DA:79,3
DA:81,3
DA:83,3
DA:86,3
DA:96,3
DA:98,3
DA:99,3
DA:101,3
DA:103,3
DA:112,9
DA:117,9
DA:120,9
DA:121,9
DA:122,9
DA:124,3
DA:128,6
DA:129,6
DA:131,6
DA:133,6
DA:134,6
DA:136,3
DA:141,3
DA:145,9
DA:153,3
DA:155,3
DA:156,3
DA:157,3
DA:158,3
DA:160,3
LF:37
LH:37
end_of_record
TN:
SF:/home/runner/work/cFS/cFS/apps/sample_app/fsw/src/sample_app_dispatch.c
FN:128,161,SAMPLE_APP_TaskPipe
FN:39,67,SAMPLE_APP_VerifyCmdLength
FN:74,119,SAMPLE_APP_ProcessGroundCommand
FNDA:9,SAMPLE_APP_TaskPipe
FNDA:33,SAMPLE_APP_VerifyCmdLength
FNDA:30,SAMPLE_APP_ProcessGroundCommand
FNF:3
FNH:3
BRDA:51,0,0,15
BRDA:51,0,1,18
BRDA:83,0,0,9
BRDA:83,0,1,6
BRDA:83,0,2,6
BRDA:83,0,3,6
BRDA:83,0,4,3
BRDA:86,0,0,6
BRDA:86,0,1,3
BRDA:93,0,0,3
BRDA:93,0,1,3
BRDA:100,0,0,3
BRDA:100,0,1,3
BRDA:107,0,0,3
BRDA:107,0,1,3
BRDA:136,0,0,3
BRDA:136,0,1,6
BRDA:145,0,0,3
BRDA:145,0,1,6
BRDA:150,0,0,3
BRDA:150,0,1,3
BRF:21
BRH:21
DA:39,33
DA:41,33
DA:42,33
DA:43,33
DA:44,33
DA:46,33
DA:51,33
DA:53,15
DA:54,15
DA:56,15
DA:58,15
DA:61,15
DA:63,15
DA:66,33
DA:74,30
DA:76,30
DA:78,30
DA:83,30
DA:85,9
DA:86,9
DA:88,6
DA:90,9
DA:92,6
DA:93,6
DA:95,3
DA:97,6
DA:99,6
DA:100,6
DA:102,3
DA:104,6
DA:106,6
DA:107,6
DA:109,3
DA:111,6
DA:114,3
DA:115,3
DA:117,3
DA:119,30
DA:128,9
DA:133,9
DA:136,9
DA:138,3
DA:139,3
DA:142,9
DA:145,9
DA:148,3
DA:150,6
DA:153,3
DA:158,3
DA:159,3
DA:161,9
LF:51
LH:51
end_of_record
TN:
SF:/home/runner/work/cFS/cFS/apps/sample_app/fsw/src/sample_app_utils.c
FN:37,52,SAMPLE_APP_TblValidationFunc
FN:59,75,SAMPLE_APP_GetCrc
FNDA:10,SAMPLE_APP_TblValidationFunc
FNDA:6,SAMPLE_APP_GetCrc
FNF:2
FNH:2
BRDA:45,0,0,3
BRDA:45,0,1,7
BRDA:66,0,0,3
BRDA:66,0,1,3
BRF:4
BRH:4
DA:37,10
DA:39,10
DA:40,10
DA:45,10
DA:48,3
DA:51,10
DA:59,6
DA:65,6
DA:66,6
DA:68,3
DA:72,3
DA:73,3
DA:75,6
LF:13
LH:13
end_of_record
TN:
SF:/home/runner/work/cFS/cFS/cfe/modules/core_api/fsw/inc/cfe_sb.h
FN:791,794,CFE_SB_MsgId_Equal
FN:822,825,CFE_SB_MsgIdToValue
FN:851,855,CFE_SB_ValueToMsgId
FNDA:15,CFE_SB_MsgId_Equal
FNDA:18,CFE_SB_MsgIdToValue
FNDA:99,CFE_SB_ValueToMsgId
FNF:3
FNH:3
DA:791,15
DA:793,15
DA:822,18
DA:824,18
DA:851,99
DA:853,99
DA:854,99
LF:7
LH:7
end_of_record
